21-Sep-2018 13:13:43.626 INFO [main] org.apache.catalina.core.ApplicationContext.log ContextListener: contextInitialized()
21-Sep-2018 13:13:43.626 INFO [main] org.apache.catalina.core.ApplicationContext.log SessionListener: contextInitialized()
21-Sep-2018 13:13:43.629 INFO [main] org.apache.catalina.core.ApplicationContext.log ContextListener: attributeAdded('StockTicker', 'async.Stockticker@3eb25e1a')
21-Sep-2018 13:13:43.716 INFO [main] org.apache.catalina.core.ApplicationContext.log SessionListener: contextDestroyed()
21-Sep-2018 13:13:43.716 INFO [main] org.apache.catalina.core.ApplicationContext.log ContextListener: contextDestroyed()
21-Sep-2018 13:33:58.189 INFO [main] org.apache.catalina.core.ApplicationContext.log ContextListener: contextInitialized()
21-Sep-2018 13:33:58.190 INFO [main] org.apache.catalina.core.ApplicationContext.log SessionListener: contextInitialized()
21-Sep-2018 13:33:58.191 INFO [main] org.apache.catalina.core.ApplicationContext.log ContextListener: attributeAdded('StockTicker', 'async.Stockticker@3b0090a4')
21-Sep-2018 13:38:20.828 INFO [main] org.apache.catalina.core.ApplicationContext.log SessionListener: contextDestroyed()
21-Sep-2018 13:38:20.828 INFO [main] org.apache.catalina.core.ApplicationContext.log ContextListener: contextDestroyed()
21-Sep-2018 13:38:29.112 INFO [main] org.apache.catalina.core.ApplicationContext.log ContextListener: contextInitialized()
21-Sep-2018 13:38:29.112 INFO [main] org.apache.catalina.core.ApplicationContext.log SessionListener: contextInitialized()
21-Sep-2018 13:38:29.114 INFO [main] org.apache.catalina.core.ApplicationContext.log ContextListener: attributeAdded('StockTicker', 'async.Stockticker@198b6731')
21-Sep-2018 13:43:56.233 INFO [main] org.apache.catalina.core.ApplicationContext.log SessionListener: contextDestroyed()
21-Sep-2018 13:43:56.234 INFO [main] org.apache.catalina.core.ApplicationContext.log ContextListener: contextDestroyed()
21-Sep-2018 13:44:00.403 INFO [main] org.apache.catalina.core.ApplicationContext.log ContextListener: contextInitialized()
21-Sep-2018 13:44:00.403 INFO [main] org.apache.catalina.core.ApplicationContext.log SessionListener: contextInitialized()
21-Sep-2018 13:44:00.405 INFO [main] org.apache.catalina.core.ApplicationContext.log ContextListener: attributeAdded('StockTicker', 'async.Stockticker@74e52ef6')
21-Sep-2018 13:52:34.223 INFO [main] org.apache.catalina.core.ApplicationContext.log SessionListener: contextDestroyed()
21-Sep-2018 13:52:34.224 INFO [main] org.apache.catalina.core.ApplicationContext.log ContextListener: contextDestroyed()
21-Sep-2018 13:52:39.945 INFO [main] org.apache.catalina.core.ApplicationContext.log ContextListener: contextInitialized()
21-Sep-2018 13:52:39.945 INFO [main] org.apache.catalina.core.ApplicationContext.log SessionListener: contextInitialized()
21-Sep-2018 13:52:39.946 INFO [main] org.apache.catalina.core.ApplicationContext.log ContextListener: attributeAdded('StockTicker', 'async.Stockticker@3857f613')
21-Sep-2018 14:30:09.814 INFO [Thread-5] org.apache.catalina.core.ApplicationContext.log SessionListener: contextDestroyed()
21-Sep-2018 14:30:09.817 INFO [Thread-5] org.apache.catalina.core.ApplicationContext.log ContextListener: contextDestroyed()
